2022-06-30 13:56:43  HengXiagHeTongFromWorkFlowEvent:横向合同内部拨款单的处理前事件---AffairId:7392663914400334068_FormApp:-4953284922334622545_SummaryId:7624469385830091923;
2022-06-30 13:56:43  HengXiagHeTongFromWorkFlowEvent:摘要为空:;
2022-06-30 13:56:43  HengXiagHeTongFromWorkFlowEvent:凭证生成人为空:;
2022-06-30 13:56:43  HengXiagHeTongFromWorkFlowEvent:调用凭证推送接口返回值：请选择凭证生成人;
2022-06-30 13:59:08  HengXiagHeTongFromWorkFlowEvent:横向合同内部拨款单的处理前事件---AffairId:1822646082577911615_FormApp:-4953284922334622545_SummaryId:8029302686966632073;
2022-06-30 13:59:08  HengXiagHeTongFromWorkFlowEvent:摘要为空:;
2022-06-30 13:59:08  HengXiagHeTongFromWorkFlowEvent:凭证生成人为空:;
2022-06-30 13:59:08  HengXiagHeTongFromWorkFlowEvent:调用凭证推送接口返回值：请选择凭证生成人;
2022-06-30 14:18:55  HengXiagHeTongFromWorkFlowEvent:横向合同内部拨款单的处理前事件---AffairId:1822646082577911615_FormApp:-4953284922334622545_SummaryId:8029302686966632073;
2022-06-30 14:18:55  HengXiagHeTongFromWorkFlowEvent:摘要为空:;
2022-06-30 14:18:55  HengXiagHeTongFromWorkFlowEvent:凭证生成人为空:;
2022-06-30 14:18:55  HengXiagHeTongFromWorkFlowEvent:调用凭证推送接口返回值：请选择凭证生成人;
2022-06-30 14:22:28  HengXiagHeTongFromWorkFlowEvent:横向合同内部拨款单的处理前事件---AffairId:1822646082577911615_FormApp:-4953284922334622545_SummaryId:8029302686966632073;
2022-06-30 14:22:28  HengXiagHeTongFromWorkFlowEvent:摘要为空:;
2022-06-30 14:22:28  HengXiagHeTongFromWorkFlowEvent:凭证生成人为空:;
2022-06-30 14:22:28  HengXiagHeTongFromWorkFlowEvent:调用凭证推送接口返回值：请选择凭证生成人;
2022-06-30 14:28:23  HengXiagHeTongFromWorkFlowEvent:横向合同内部拨款单的处理前事件---AffairId:4082475990926969849_FormApp:-4953284922334622545_SummaryId:1692617126350637651;
2022-06-30 14:28:23  HengXiagHeTongFromWorkFlowEvent:摘要为空:;
2022-06-30 14:28:23  HengXiagHeTongFromWorkFlowEvent:凭证生成人为空:;
2022-06-30 14:28:23  HengXiagHeTongFromWorkFlowEvent:调用凭证推送接口返回值：请选择凭证生成人;
2022-06-30 14:28:29  HengXiagHeTongFromWorkFlowEvent:横向合同内部拨款单的处理前事件---AffairId:4082475990926969849_FormApp:-4953284922334622545_SummaryId:1692617126350637651;
2022-06-30 14:28:29  HengXiagHeTongFromWorkFlowEvent:摘要为空:;
2022-06-30 14:28:29  HengXiagHeTongFromWorkFlowEvent:凭证生成人为空:;
2022-06-30 14:28:29  HengXiagHeTongFromWorkFlowEvent:调用凭证推送接口返回值：请选择凭证生成人;
2022-06-30 14:29:26  HengXiagHeTongFromWorkFlowEvent:横向合同内部拨款单的处理前事件---AffairId:4082475990926969849_FormApp:-4953284922334622545_SummaryId:1692617126350637651;
2022-06-30 14:29:26  HengXiagHeTongFromWorkFlowEvent:摘要为空:;
2022-06-30 14:29:26  HengXiagHeTongFromWorkFlowEvent:凭证生成人为空:;
2022-06-30 14:29:26  HengXiagHeTongFromWorkFlowEvent:调用凭证推送接口返回值：请选择凭证生成人;
2022-06-30 14:30:18  HengXiagHeTongFromWorkFlowEvent:横向合同内部拨款单的处理前事件---AffairId:4082475990926969849_FormApp:-4953284922334622545_SummaryId:1692617126350637651;
2022-06-30 14:30:18  HengXiagHeTongFromWorkFlowEvent:摘要为空:;
2022-06-30 14:30:18  HengXiagHeTongFromWorkFlowEvent:凭证生成人为空:;
2022-06-30 14:30:18  HengXiagHeTongFromWorkFlowEvent:调用凭证推送接口返回值：请选择凭证生成人;
2022-06-30 14:33:20  HengXiagHeTongFromWorkFlowEvent:横向合同内部拨款单的处理前事件---AffairId:4082475990926969849_FormApp:-4953284922334622545_SummaryId:1692617126350637651;
2022-06-30 14:33:20  HengXiagHeTongFromWorkFlowEvent:摘要为空:;
2022-06-30 14:33:20  HengXiagHeTongFromWorkFlowEvent:凭证生成人为空:;
2022-06-30 14:33:20  HengXiagHeTongFromWorkFlowEvent:调用凭证推送接口返回值：请选择凭证生成人;
2022-06-30 15:09:55  HengXiagHeTongFromWorkFlowEvent:横向合同内部拨款单的处理前事件---AffairId:307542640604956423_FormApp:-4953284922334622545_SummaryId:1796739683912862544;
2022-06-30 15:09:55  HengXiagHeTongFromWorkFlowEvent:推送凭证的xml:<?xml version="1.0" encoding="UTF-8"?><ufinterface account = "ncc0430" billtype="vouchergl" businessunitcode="develop" filename="" groupcode="GJJT" isexchange="Y" orgcode="101005" receiver="101005" replace="Y" roottag="" sender="030ZXJX-OA"><voucher id= ""><voucher_head><pk_voucher></pk_voucher><pk_vouchertype>01</pk_vouchertype><year>2022</year><pk_system>GL</pk_system><voucherkind>0</voucherkind><pk_accountingbook>101005-0001</pk_accountingbook><discardflag>N</discardflag><period>06</period><no></no><attachment>0</attachment><prepareddate>2022-06-30</prepareddate><pk_prepared>030ZXJX-OA</pk_prepared><pk_casher></pk_casher><signflag>N</signflag><pk_checked></pk_checked><tallydate></tallydate><pk_manager></pk_manager><memo1></memo1><memo2></memo2><reserve1></reserve1><reserve2>N</reserve2><siscardflag /><pk_org>101005</pk_org><pk_org_v>101005</pk_org_v><pk_group>GJJT</pk_group><details><item><detailindex>1</detailindex><explanation>测试机</explanation><verifydate></verifydate><price>0</price><excrate2></excrate2><debitquantity></debitquantity><debitamount>56000.00</debitamount><localdebitamount>56000.00</localdebitamount><groupdebitamount>56000.00</groupdebitamount><globaldebitamount>56000.00</globaldebitamount><pk_currtype>CNY</pk_currtype><pk_accasoa>2203</pk_accasoa><pk_unit></pk_unit><pk_unit_v></pk_unit_v><ass><item><pk_Checktype>0004</pk_Checktype><pk_Checkvalue>-7728336092769336495</pk_Checkvalue></item><item><pk_Checktype>0010</pk_Checktype><pk_Checkvalue>Y2100502</pk_Checkvalue></item><item><pk_Checktype>0001</pk_Checktype><pk_Checkvalue>-7728336092769336495</pk_Checkvalue></item><item><pk_Checktype>QYZY0025</pk_Checktype><pk_Checkvalue>3</pk_Checkvalue></item></ass><vatdetail><businesscode></businesscode><pk_receivecountry></pk_receivecountry><pk_suppliervatcode></pk_suppliervatcode><pk_taxcode></pk_taxcode><pk_clientvatcode></pk_clientvatcode><direction></direction><moneyamount></moneyamount><pk_vatcountry></pk_vatcountry><taxamount></taxamount></vatdetail><cashFlow><item><m_pk_currtype></m_pk_currtype><money></money><moneyglobal></moneyglobal><moneygroup></moneygroup><moneymain></moneymain><pk_cashflow></pk_cashflow><pk_innercorp></pk_innercorp></item></cashFlow></item><item><creditquantity></creditquantity><creditamount>56000.00</creditamount><localcreditamount>56000.00</localcreditamount><groupcreditamount>56000.00</groupcreditamount><globalcreditamount>56000.00</globalcreditamount><detailindex>1</detailindex><explanation>测试机</explanation><verifydate></verifydate><price>0.00000000</price><excrate2>1</excrate2><pk_currtype>CNY</pk_currtype><pk_accasoa>2203</pk_accasoa><pk_unit></pk_unit><pk_unit_v></pk_unit_v><ass><item><pk_Checktype>0004</pk_Checktype><pk_Checkvalue>-7728336092769336495</pk_Checkvalue></item><item><pk_Checktype>0010</pk_Checktype><pk_Checkvalue>Y2100502</pk_Checkvalue></item><item><pk_Checktype>0001</pk_Checktype><pk_Checkvalue>-7728336092769336495</pk_Checkvalue></item><item><pk_Checktype>QYZY0025</pk_Checktype><pk_Checkvalue>2</pk_Checkvalue></item></ass><cashFlow><item><m_pk_currtype></m_pk_currtype><money></money><moneyglobal></moneyglobal><moneygroup></moneygroup><moneymain></moneymain><pk_cashflow></pk_cashflow><pk_innercorp></pk_innercorp></item></cashFlow></item></details></voucher_head></voucher></ufinterface>;
2022-06-30 15:10:16  HengXiagHeTongFromWorkFlowEvent:推送凭证有问题:Connection timed out: connect;
2022-06-30 15:10:16  HengXiagHeTongFromWorkFlowEvent:调用凭证推送接口返回值：null;
2022-06-30 15:27:11  HengXiagHeTongFromWorkFlowEvent:横向合同内部拨款单的处理前事件---AffairId:-9018816703657719103_FormApp:-4953284922334622545_SummaryId:7506546942529126785;
2022-06-30 15:27:11  HengXiagHeTongFromWorkFlowEvent:推送凭证的xml:<?xml version="1.0" encoding="UTF-8"?><ufinterface account = "ncc0430" billtype="vouchergl" businessunitcode="develop" filename="" groupcode="GJJT" isexchange="Y" orgcode="101005" receiver="101005" replace="Y" roottag="" sender="030ZXJX-OA"><voucher id= ""><voucher_head><pk_voucher></pk_voucher><pk_vouchertype>01</pk_vouchertype><year>2022</year><pk_system>GL</pk_system><voucherkind>0</voucherkind><pk_accountingbook>101005-0001</pk_accountingbook><discardflag>N</discardflag><period>06</period><no></no><attachment>0</attachment><prepareddate>2022-06-30</prepareddate><pk_prepared>030ZXJX-OA</pk_prepared><pk_casher></pk_casher><signflag>N</signflag><pk_checked></pk_checked><tallydate></tallydate><pk_manager></pk_manager><memo1></memo1><memo2></memo2><reserve1></reserve1><reserve2>N</reserve2><siscardflag /><pk_org>101005</pk_org><pk_org_v>101005</pk_org_v><pk_group>GJJT</pk_group><details><item><detailindex>1</detailindex><explanation>测试</explanation><verifydate></verifydate><price>0</price><excrate2></excrate2><debitquantity></debitquantity><debitamount>50000.00</debitamount><localdebitamount>50000.00</localdebitamount><groupdebitamount>50000.00</groupdebitamount><globaldebitamount>50000.00</globaldebitamount><pk_currtype>CNY</pk_currtype><pk_accasoa>2203</pk_accasoa><pk_unit></pk_unit><pk_unit_v></pk_unit_v><ass><item><pk_Checktype>0004</pk_Checktype><pk_Checkvalue>6131800007800277541</pk_Checkvalue></item><item><pk_Checktype>0010</pk_Checktype><pk_Checkvalue>Y2100502</pk_Checkvalue></item><item><pk_Checktype>0001</pk_Checktype><pk_Checkvalue>-7728336092769336495</pk_Checkvalue></item><item><pk_Checktype>QYZY0025</pk_Checktype><pk_Checkvalue>3</pk_Checkvalue></item></ass><vatdetail><businesscode></businesscode><pk_receivecountry></pk_receivecountry><pk_suppliervatcode></pk_suppliervatcode><pk_taxcode></pk_taxcode><pk_clientvatcode></pk_clientvatcode><direction></direction><moneyamount></moneyamount><pk_vatcountry></pk_vatcountry><taxamount></taxamount></vatdetail><cashFlow><item><m_pk_currtype></m_pk_currtype><money></money><moneyglobal></moneyglobal><moneygroup></moneygroup><moneymain></moneymain><pk_cashflow></pk_cashflow><pk_innercorp></pk_innercorp></item></cashFlow></item><item><creditquantity></creditquantity><creditamount>50000.00</creditamount><localcreditamount>50000.00</localcreditamount><groupcreditamount>50000.00</groupcreditamount><globalcreditamount>50000.00</globalcreditamount><detailindex>1</detailindex><explanation>测试</explanation><verifydate></verifydate><price>0.00000000</price><excrate2>1</excrate2><pk_currtype>CNY</pk_currtype><pk_accasoa>2203</pk_accasoa><pk_unit></pk_unit><pk_unit_v></pk_unit_v><ass><item><pk_Checktype>0004</pk_Checktype><pk_Checkvalue>-7728336092769336495</pk_Checkvalue></item><item><pk_Checktype>0010</pk_Checktype><pk_Checkvalue>Y2100209</pk_Checkvalue></item><item><pk_Checktype>0001</pk_Checktype><pk_Checkvalue>6131800007800277541</pk_Checkvalue></item><item><pk_Checktype>QYZY0025</pk_Checktype><pk_Checkvalue>2</pk_Checkvalue></item></ass><cashFlow><item><m_pk_currtype></m_pk_currtype><money></money><moneyglobal></moneyglobal><moneygroup></moneygroup><moneymain></moneymain><pk_cashflow></pk_cashflow><pk_innercorp></pk_innercorp></item></cashFlow></item></details></voucher_head></voucher></ufinterface>;
2022-06-30 15:27:32  HengXiagHeTongFromWorkFlowEvent:推送凭证有问题:Connection timed out: connect;
2022-06-30 15:27:32  HengXiagHeTongFromWorkFlowEvent:调用凭证推送接口返回值：null;
2022-06-30 15:38:15  HengXiagHeTongFromWorkFlowEvent:横向合同内部拨款单的处理前事件---AffairId:-9065920971561481463_FormApp:-4953284922334622545_SummaryId:7429686685103243734;
2022-06-30 15:38:15  HengXiagHeTongFromWorkFlowEvent:推送凭证的xml:<?xml version="1.0" encoding="UTF-8"?><ufinterface account = "ncc0430" billtype="vouchergl" businessunitcode="develop" filename="" groupcode="GJJT" isexchange="Y" orgcode="101005" receiver="101005" replace="Y" roottag="" sender="030ZXJX-OA"><voucher id= ""><voucher_head><pk_voucher></pk_voucher><pk_vouchertype>01</pk_vouchertype><year>2022</year><pk_system>GL</pk_system><voucherkind>0</voucherkind><pk_accountingbook>101005-0001</pk_accountingbook><discardflag>N</discardflag><period>06</period><no></no><attachment>0</attachment><prepareddate>2022-06-30</prepareddate><pk_prepared>030ZXJX-OA</pk_prepared><pk_casher></pk_casher><signflag>N</signflag><pk_checked></pk_checked><tallydate></tallydate><pk_manager></pk_manager><memo1></memo1><memo2></memo2><reserve1></reserve1><reserve2>N</reserve2><siscardflag /><pk_org>101005</pk_org><pk_org_v>101005</pk_org_v><pk_group>GJJT</pk_group><details><item><detailindex>1</detailindex><explanation>测试</explanation><verifydate></verifydate><price>0</price><excrate2></excrate2><debitquantity></debitquantity><debitamount>50000.00</debitamount><localdebitamount>50000.00</localdebitamount><groupdebitamount>50000.00</groupdebitamount><globaldebitamount>50000.00</globaldebitamount><pk_currtype>CNY</pk_currtype><pk_accasoa>2203</pk_accasoa><pk_unit></pk_unit><pk_unit_v></pk_unit_v><ass><item><pk_Checktype>0004</pk_Checktype><pk_Checkvalue>6131800007800277541</pk_Checkvalue></item><item><pk_Checktype>0010</pk_Checktype><pk_Checkvalue>Y2100502</pk_Checkvalue></item><item><pk_Checktype>0001</pk_Checktype><pk_Checkvalue>-7728336092769336495</pk_Checkvalue></item><item><pk_Checktype>QYZY0025</pk_Checktype><pk_Checkvalue>3</pk_Checkvalue></item></ass><vatdetail><businesscode></businesscode><pk_receivecountry></pk_receivecountry><pk_suppliervatcode></pk_suppliervatcode><pk_taxcode></pk_taxcode><pk_clientvatcode></pk_clientvatcode><direction></direction><moneyamount></moneyamount><pk_vatcountry></pk_vatcountry><taxamount></taxamount></vatdetail><cashFlow><item><m_pk_currtype></m_pk_currtype><money></money><moneyglobal></moneyglobal><moneygroup></moneygroup><moneymain></moneymain><pk_cashflow></pk_cashflow><pk_innercorp></pk_innercorp></item></cashFlow></item><item><creditquantity></creditquantity><creditamount>50000.00</creditamount><localcreditamount>50000.00</localcreditamount><groupcreditamount>50000.00</groupcreditamount><globalcreditamount>50000.00</globalcreditamount><detailindex>1</detailindex><explanation>测试</explanation><verifydate></verifydate><price>0.00000000</price><excrate2>1</excrate2><pk_currtype>CNY</pk_currtype><pk_accasoa>2203</pk_accasoa><pk_unit></pk_unit><pk_unit_v></pk_unit_v><ass><item><pk_Checktype>0004</pk_Checktype><pk_Checkvalue>-7728336092769336495</pk_Checkvalue></item><item><pk_Checktype>0010</pk_Checktype><pk_Checkvalue>Y2100209</pk_Checkvalue></item><item><pk_Checktype>0001</pk_Checktype><pk_Checkvalue>6131800007800277541</pk_Checkvalue></item><item><pk_Checktype>QYZY0025</pk_Checktype><pk_Checkvalue>2</pk_Checkvalue></item></ass><cashFlow><item><m_pk_currtype></m_pk_currtype><money></money><moneyglobal></moneyglobal><moneygroup></moneygroup><moneymain></moneymain><pk_cashflow></pk_cashflow><pk_innercorp></pk_innercorp></item></cashFlow></item></details></voucher_head></voucher></ufinterface>;
2022-06-30 15:38:36  HengXiagHeTongFromWorkFlowEvent:推送凭证有问题:Connection timed out: connect;
2022-06-30 15:38:36  HengXiagHeTongFromWorkFlowEvent:调用凭证推送接口返回值：null;
